2025-01-02T19:01:47.060+03:00  INFO 6768 --- [main] ru.job4j.bmb.Main                        : Starting Main using Java 21.0.5 with PID 6768 (C:\projects\job4j_boost_mood_bot\target\classes started by Admin in C:\projects\job4j_boost_mood_bot)
2025-01-02T19:01:47.064+03:00  INFO 6768 --- [main] ru.job4j.bmb.Main                        : The following 1 profile is active: "test"
2025-01-02T19:01:48.042+03:00  INFO 6768 --- [main] .s.d.r.c.RepositoryConfigurationDelegate : Bootstrapping Spring Data JPA repositories in DEFAULT mode.
2025-01-02T19:01:48.209+03:00  INFO 6768 --- [main] .s.d.r.c.RepositoryConfigurationDelegate : Finished Spring Data repository scanning in 151 ms. Found 6 JPA repository interfaces.
2025-01-02T19:01:49.675+03:00  INFO 6768 --- [main] o.hibernate.jpa.internal.util.LogHelper  : HHH000204: Processing PersistenceUnitInfo [name: default]
2025-01-02T19:01:49.800+03:00  INFO 6768 --- [main] org.hibernate.Version                    : HHH000412: Hibernate ORM core version 6.5.2.Final
2025-01-02T19:01:49.972+03:00  INFO 6768 --- [main] o.h.c.internal.RegionFactoryInitiator    : HHH000026: Second-level cache disabled
2025-01-02T19:01:50.711+03:00  INFO 6768 --- [main] o.s.o.j.p.SpringPersistenceUnitInfo      : No LoadTimeWeaver setup: ignoring JPA class transformer
2025-01-02T19:01:50.898+03:00  INFO 6768 --- [main] com.zaxxer.hikari.HikariDataSource       : HikariPool-1 - Starting...
2025-01-02T19:01:51.992+03:00  INFO 6768 --- [main] com.zaxxer.hikari.pool.HikariPool        : HikariPool-1 - Added connection conn0: url=jdbc:h2:file:./moodbot user=SA
2025-01-02T19:01:51.996+03:00  INFO 6768 --- [main] com.zaxxer.hikari.HikariDataSource       : HikariPool-1 - Start completed.
2025-01-02T19:01:54.494+03:00  INFO 6768 --- [main] o.h.m.i.EntityInstantiatorPojoStandard   : HHH000182: No default (no-argument) constructor for class: ru.job4j.bmb.model.MoodContent (class must be instantiated by Interceptor)
2025-01-02T19:01:54.554+03:00  INFO 6768 --- [main] o.h.m.i.EntityInstantiatorPojoStandard   : HHH000182: No default (no-argument) constructor for class: ru.job4j.bmb.model.Award (class must be instantiated by Interceptor)
2025-01-02T19:01:54.884+03:00  INFO 6768 --- [main] o.h.e.t.j.p.i.JtaPlatformInitiator       : HHH000489: No JTA platform available (set 'hibernate.transaction.jta.platform' to enable JTA platform integration)
2025-01-02T19:01:54.960+03:00  INFO 6768 --- [main] j.LocalContainerEntityManagerFactoryBean : Initialized JPA EntityManagerFactory for persistence unit 'default'
2025-01-02T19:01:56.371+03:00  WARN 6768 --- [main] o.s.aop.framework.CglibAopProxy          : Unable to proxy interface-implementing method [public final org.telegram.telegrambots.bots.DefaultBotOptions org.telegram.telegrambots.bots.DefaultAbsSender.getOptions()] because it is marked as final, consider using interface-based JDK proxies instead.
2025-01-02T19:01:56.882+03:00  INFO 6768 --- [main] ru.job4j.bmb.Main                        : Started Main in 10.477 seconds (process running for 11.229)
2025-01-02T19:01:56.887+03:00  INFO 6768 --- [scheduling-1] ru.job4j.bmb.aspect.LoggingAspect        : Method called: RemindService.remindUsers() with arguments: []
2025-01-02T19:01:56.899+03:00  INFO 6768 --- [main] ru.job4j.bmb.aspect.LoggingAspect        : Method called: TelegramBotService.getBotUsername() with arguments: []
2025-01-02T19:01:57.779+03:00  INFO 6768 --- [main] ru.job4j.bmb.aspect.LoggingAspect        : Method called: TelegramBotService.getBotUsername() with arguments: []
2025-01-02T19:01:57.783+03:00  INFO 6768 --- [main] ru.job4j.bmb.aspect.LoggingAspect        : Method called: TelegramBotService.getBotUsername() with arguments: []
2025-01-02T19:02:02.426+03:00  INFO 6768 --- [boost_mood_bot Telegram Executor] ru.job4j.bmb.aspect.LoggingAspect        : Method called: BotCommandHandler.commands(..) with arguments: [Message(messageId=108, messageThreadId=null, from=User(id=805171101, firstName=ЛиХ, isBot=false, lastName=null, userName=LiH_WR, languageCode=ru, canJoinGroups=null, canReadAllGroupMessages=null, supportInlineQueries=null, isPremium=null, addedToAttachmentMenu=null), date=1735833721, chat=Chat(id=805171101, type=private, title=null, firstName=ЛиХ, lastName=null, userName=LiH_WR, photo=null, description=null, inviteLink=null, pinnedMessage=null, stickerSetName=null, canSetStickerSet=null, permissions=null, slowModeDelay=null, bio=null, linkedChatId=null, location=null, messageAutoDeleteTime=null, hasPrivateForwards=null, HasProtectedContent=null, joinToSendMessages=null, joinByRequest=null, hasRestrictedVoiceAndVideoMessages=null, isForum=null, activeUsernames=null, emojiStatusCustomEmojiId=null, hasAggressiveAntiSpamEnabled=null, hasHiddenMembers=null, emojiStatusExpirationDate=null, availableReactions=null, accentColorId=null, backgroundCustomEmojiId=null, profileAccentColorId=null, profileBackgroundCustomEmojiId=null, hasVisibleHistory=null, unrestrictBoostCount=null, customEmojiStickerSetName=null), forwardFrom=null, forwardFromChat=null, forwardDate=null, text=/week_mood_log, entities=[MessageEntity(type=bot_command, offset=0, length=14, url=null, user=null, language=null, customEmojiId=null, text=/week_mood_log)], captionEntities=null, audio=null, document=null, photo=null, sticker=null, video=null, contact=null, location=null, venue=null, animation=null, pinnedMessage=null, newChatMembers=[], leftChatMember=null, newChatTitle=null, newChatPhoto=null, deleteChatPhoto=null, groupchatCreated=null, replyToMessage=null, voice=null, caption=null, superGroupCreated=null, channelChatCreated=null, migrateToChatId=null, migrateFromChatId=null, editDate=null, game=null, forwardFromMessageId=null, invoice=null, successfulPayment=null, videoNote=null, authorSignature=null, forwardSignature=null, mediaGroupId=null, connectedWebsite=null, passportData=null, forwardSenderName=null, poll=null, replyMarkup=null, dice=null, viaBot=null, senderChat=null, proximityAlertTriggered=null, messageAutoDeleteTimerChanged=null, isAutomaticForward=null, hasProtectedContent=null, webAppData=null, videoChatStarted=null, videoChatEnded=null, videoChatParticipantsInvited=null, videoChatScheduled=null, isTopicMessage=null, forumTopicCreated=null, forumTopicClosed=null, forumTopicReopened=null, forumTopicEdited=null, generalForumTopicHidden=null, generalForumTopicUnhidden=null, writeAccessAllowed=null, hasMediaSpoiler=null, userShared=null, chatShared=null, story=null, externalReplyInfo=null, forwardOrigin=null, linkPreviewOptions=null, quote=null, usersShared=null, giveawayCreated=null, giveaway=null, giveawayWinners=null, giveawayCompleted=null, replyToStory=null, boostAdded=null, senderBoostCount=null)]
2025-01-02T19:02:02.427+03:00  INFO 6768 --- [boost_mood_bot Telegram Executor] ru.job4j.bmb.aspect.LoggingAspect        : Method called: MoodService.weekMoodLogCommand(..) with arguments: [805171101, 805171101]
2025-01-02T19:02:09.900+03:00  INFO 6768 --- [SpringApplicationShutdownHook] j.LocalContainerEntityManagerFactoryBean : Closing JPA EntityManagerFactory for persistence unit 'default'
2025-01-02T19:02:09.903+03:00  INFO 6768 --- [SpringApplicationShutdownHook] com.zaxxer.hikari.HikariDataSource       : HikariPool-1 - Shutdown initiated...
2025-01-02T19:02:09.906+03:00  INFO 6768 --- [SpringApplicationShutdownHook] com.zaxxer.hikari.HikariDataSource       : HikariPool-1 - Shutdown completed.
